<?xml version="1.0" encoding="UTF-8"?>
<TestRun id="b43055a1-e3ce-42fe-a43b-be4318ea1925" name="Shadow@XENOMOPH-COLONY 2012-03-15 17:02:51" runUser="XENOMOPH-COLONY\Shadow" xmlns="http://microsoft.com/schemas/VisualStudio/TeamTest/2010">
  <TestSettings name="Local" id="bab383f8-6e97-4574-bec2-7c5fdd280ce5">
    <Description>These are default test settings for a local test run.</Description>
    <Deployment enabled="false" runDeploymentRoot="Shadow_XENOMOPH-COLONY 2012-03-15 17_02_51">
      <DeploymentItem filename="S:\mingw\Shadow\gslibrary\gslibrary\bin\Debug\gslibrary.dll" />
    </Deployment>
    <Execution>
      <TestTypeSpecific />
      <AgentRule name="Execution Agents">
      </AgentRule>
    </Execution>
  </TestSettings>
  <Times creation="2012-03-15T17:02:51.1406250-03:00" queuing="2012-03-15T17:02:57.7343750-03:00" start="2012-03-15T17:02:57.9531250-03:00" finish="2012-03-15T17:03:06.4531250-03:00" />
  <ResultSummary outcome="Error">
    <Counters total="1" executed="1" error="0" failed="0" timeout="0" aborted="1" inconclusive="0" passedButRunAborted="0" notRunnable="0" notExecuted="0" disconnected="0" warning="0" passed="0" completed="0" inProgress="0" pending="0" />
    <RunInfos>
      <RunInfo computerName="XENOMOPH-COLONY" outcome="Error" timestamp="2012-03-15T17:03:06.4531250-03:00">
        <Text>Test host process exited unexpectedly.</Text>
      </RunInfo>
    </RunInfos>
  </ResultSummary>
  <TestDefinitions>
    <UnitTest name="AsTextTest" storage="s:\mingw\shadow\gslibrary\testproject1\bin\debug\testproject1.dll" id="e212a49f-95a6-5a81-6ad5-273d910e0ac7">
      <Execution id="527a31d6-db75-4995-974e-dacd6c76013a" />
      <TestMethod codeBase="S:/mingw/Shadow/gslibrary/TestProject1/bin/Debug/TestProject1.DLL" adapterTypeName="Microsoft.VisualStudio.TestTools.TestTypes.Unit.UnitTestAdapter, Microsoft.VisualStudio.QualityTools.Tips.UnitTest.Adapter, Version=10.0.0.0, Culture=neutral, PublicKeyToken=b03f5f7f11d50a3a" className="TestProject1.GameStructureTest, TestProject1, Version=1.0.0.0, Culture=neutral, PublicKeyToken=null" name="AsTextTest" />
    </UnitTest>
  </TestDefinitions>
  <TestLists>
    <TestList name="Results Not in a List" id="8c84fa94-04c1-424b-9868-57a2d4851a1d" />
    <TestList name="All Loaded Results" id="19431567-8539-422a-85d7-44ee4e166bda" />
  </TestLists>
  <TestEntries>
    <TestEntry testId="e212a49f-95a6-5a81-6ad5-273d910e0ac7" executionId="527a31d6-db75-4995-974e-dacd6c76013a" testListId="8c84fa94-04c1-424b-9868-57a2d4851a1d" />
  </TestEntries>
  <Results>
    <UnitTestResult executionId="527a31d6-db75-4995-974e-dacd6c76013a" testId="e212a49f-95a6-5a81-6ad5-273d910e0ac7" testName="AsTextTest" computerName="XENOMOPH-COLONY" duration="00:00:08.3437500" startTime="2012-03-15T17:02:58.1093750-03:00" endTime="2012-03-15T17:03:06.4531250-03:00" testType="13cdc9d9-ddb5-4fa4-a97d-d965ccfc6d4b" outcome="Aborted" testListId="8c84fa94-04c1-424b-9868-57a2d4851a1d" relativeResultsDirectory="527a31d6-db75-4995-974e-dacd6c76013a">
    </UnitTestResult>
  </Results>
</TestRun>